<?xml version="1.0" encoding="UTF-8"?>
<testsuite name="test.java.model.ShoppingCartTest" tests="1" skipped="0" failures="0" errors="0" timestamp="2021-06-27T20:22:50" hostname="ubuntu" time="0.126">
  <properties/>
  <testcase name="addOneItem()" classname="test.java.model.ShoppingCartTest" time="0.126"/>
  <system-out><![CDATA[]]></system-out>
  <system-err><![CDATA[]]></system-err>
</testsuite>
