<?xml version="1.0" encoding="UTF-8"?>
<testsuite name="sample.ApplicationTest" tests="1" skipped="0" failures="0" errors="0" timestamp="2021-06-27T20:22:56" hostname="ubuntu" time="1.908">
  <properties/>
  <testcase name="fish()" classname="sample.ApplicationTest" time="1.908"/>
  <system-out><![CDATA[13:22:50.475 [Test worker] DEBUG org.springframework.test.context.BootstrapUtils - Instantiating CacheAwareContextLoaderDelegate from class [org.springframework.test.context.cache.DefaultCacheAwareContextLoaderDelegate]
13:22:50.500 [Test worker] DEBUG org.springframework.test.context.BootstrapUtils - Instantiating BootstrapContext using constructor [public org.springframework.test.context.support.DefaultBootstrapContext(java.lang.Class,org.springframework.test.context.CacheAwareContextLoaderDelegate)]
13:22:50.544 [Test worker] DEBUG org.springframework.test.context.BootstrapUtils - Instantiating TestContextBootstrapper for test class [sample.ApplicationTest] from class [org.springframework.boot.test.context.SpringBootTestContextBootstrapper]
13:22:50.561 [Test worker] INFO org.springframework.boot.test.context.SpringBootTestContextBootstrapper - Neither @ContextConfiguration nor @ContextHierarchy found for test class [sample.ApplicationTest], using SpringBootContextLoader
13:22:50.566 [Test worker] DEBUG org.springframework.test.context.support.AbstractContextLoader - Did not detect default resource location for test class [sample.ApplicationTest]: class path resource [sample/ApplicationTest-context.xml] does not exist
13:22:50.567 [Test worker] DEBUG org.springframework.test.context.support.AbstractContextLoader - Did not detect default resource location for test class [sample.ApplicationTest]: class path resource [sample/ApplicationTestContext.groovy] does not exist
13:22:50.568 [Test worker] INFO org.springframework.test.context.support.AbstractContextLoader - Could not detect default resource locations for test class [sample.ApplicationTest]: no resource found for suffixes {-context.xml, Context.groovy}.
13:22:50.569 [Test worker] INFO org.springframework.test.context.support.AnnotationConfigContextLoaderUtils - Could not detect default configuration classes for test class [sample.ApplicationTest]: ApplicationTest does not declare any static, non-private, non-final, nested classes annotated with @Configuration.
13:22:50.629 [Test worker] DEBUG org.springframework.test.context.support.ActiveProfilesUtils - Could not find an 'annotation declaring class' for annotation type [org.springframework.test.context.ActiveProfiles] and class [sample.ApplicationTest]
13:22:50.709 [Test worker] DEBUG org.springframework.context.annotation.ClassPathScanningCandidateComponentProvider - Identified candidate component class: file [/home/fdp/Desktop/jenkins-ingsw/build/classes/java/main/sample/Application.class]
13:22:50.717 [Test worker] INFO org.springframework.boot.test.context.SpringBootTestContextBootstrapper - Found @SpringBootConfiguration sample.Application for test class sample.ApplicationTest
13:22:50.841 [Test worker] DEBUG org.springframework.boot.test.context.SpringBootTestContextBootstrapper - @TestExecutionListeners is not present for class [sample.ApplicationTest]: using defaults.
13:22:50.842 [Test worker] INFO org.springframework.boot.test.context.SpringBootTestContextBootstrapper - Loaded default TestExecutionListener class names from location [META-INF/spring.factories]: [org.springframework.boot.test.autoconfigure.restdocs.RestDocsTestExecutionListener, org.springframework.boot.test.autoconfigure.web.client.MockRestServiceServerResetTestExecutionListener, org.springframework.boot.test.autoconfigure.web.servlet.MockMvcPrintOnlyOnFailureTestExecutionListener, org.springframework.boot.test.autoconfigure.web.servlet.WebDriverTestExecutionListener, org.springframework.boot.test.autoconfigure.webservices.client.MockWebServiceServerTestExecutionListener, org.springframework.boot.test.mock.mockito.MockitoTestExecutionListener, org.springframework.boot.test.mock.mockito.ResetMocksTestExecutionListener, org.springframework.test.context.web.ServletTestExecutionListener, org.springframework.test.context.support.DirtiesContextBeforeModesTestExecutionListener, org.springframework.test.context.event.ApplicationEventsTestExecutionListener, org.springframework.test.context.support.DependencyInjectionTestExecutionListener, org.springframework.test.context.support.DirtiesContextTestExecutionListener, org.springframework.test.context.transaction.TransactionalTestExecutionListener, org.springframework.test.context.jdbc.SqlScriptsTestExecutionListener, org.springframework.test.context.event.EventPublishingTestExecutionListener]
13:22:50.861 [Test worker] INFO org.springframework.boot.test.context.SpringBootTestContextBootstrapper - Using TestExecutionListeners: [org.springframework.test.context.web.ServletTestExecutionListener@1f7a073b, org.springframework.test.context.support.DirtiesContextBeforeModesTestExecutionListener@ac46ddf, org.springframework.test.context.event.ApplicationEventsTestExecutionListener@609e9e6b, org.springframework.boot.test.mock.mockito.MockitoTestExecutionListener@455a089f, org.springframework.boot.test.autoconfigure.SpringBootDependencyInjectionTestExecutionListener@ad69cd0, org.springframework.test.context.support.DirtiesContextTestExecutionListener@23d5b2c0, org.springframework.test.context.transaction.TransactionalTestExecutionListener@372c1d17, org.springframework.test.context.jdbc.SqlScriptsTestExecutionListener@22a7e59d, org.springframework.test.context.event.EventPublishingTestExecutionListener@1ca9cd05, org.springframework.boot.test.autoconfigure.restdocs.RestDocsTestExecutionListener@12643fe2, org.springframework.boot.test.autoconfigure.web.client.MockRestServiceServerResetTestExecutionListener@45774c1c, org.springframework.boot.test.autoconfigure.web.servlet.MockMvcPrintOnlyOnFailureTestExecutionListener@58e1c222, org.springframework.boot.test.autoconfigure.web.servlet.WebDriverTestExecutionListener@a72edde, org.springframework.boot.test.autoconfigure.webservices.client.MockWebServiceServerTestExecutionListener@395a585d, org.springframework.boot.test.mock.mockito.ResetMocksTestExecutionListener@46b2f4c6]
13:22:50.866 [Test worker] DEBUG org.springframework.test.context.support.AbstractDirtiesContextTestExecutionListener - Before test class: context [DefaultTestContext@133caffa testClass = ApplicationTest, testInstance = [null], testMethod = [null], testException = [null], mergedContextConfiguration = [WebMergedContextConfiguration@4d2c5e94 testClass = ApplicationTest, locations = '{}', classes = '{class sample.Application}', contextInitializerClasses = '[]', activeProfiles = '{}', propertySourceLocations = '{}', propertySourceProperties = '{org.springframework.boot.test.context.SpringBootTestContextBootstrapper=true, server.port=0}', contextCustomizers = set[org.springframework.boot.test.autoconfigure.actuate.metrics.MetricsExportContextCustomizerFactory$DisableMetricExportContextCustomizer@5c7831a, org.springframework.boot.test.autoconfigure.properties.PropertyMappingContextCustomizer@0, org.springframework.boot.test.autoconfigure.web.servlet.WebDriverContextCustomizerFactory$Customizer@fe7525e, org.springframework.boot.test.context.filter.ExcludeFilterContextCustomizer@6620f9cc, org.springframework.boot.test.json.DuplicateJsonObjectContextCustomizerFactory$DuplicateJsonObjectContextCustomizer@13e62fe1, org.springframework.boot.test.mock.mockito.MockitoContextCustomizer@0, org.springframework.boot.test.web.client.TestRestTemplateContextCustomizer@56c36119, org.springframework.boot.test.context.SpringBootTestArgs@1, org.springframework.boot.test.context.SpringBootTestWebEnvironment@410cd2a2], resourceBasePath = 'src/main/webapp', contextLoader = 'org.springframework.boot.test.context.SpringBootContextLoader', parent = [null]], attributes = map['org.springframework.test.context.web.ServletTestExecutionListener.activateListener' -> false]], class annotated with @DirtiesContext [false] with mode [null].
13:22:50.872 [Test worker] DEBUG org.springframework.test.context.support.DependencyInjectionTestExecutionListener - Performing dependency injection for test context [[DefaultTestContext@133caffa testClass = ApplicationTest, testInstance = sample.ApplicationTest@6e95007a, testMethod = [null], testException = [null], mergedContextConfiguration = [WebMergedContextConfiguration@4d2c5e94 testClass = ApplicationTest, locations = '{}', classes = '{class sample.Application}', contextInitializerClasses = '[]', activeProfiles = '{}', propertySourceLocations = '{}', propertySourceProperties = '{org.springframework.boot.test.context.SpringBootTestContextBootstrapper=true, server.port=0}', contextCustomizers = set[org.springframework.boot.test.autoconfigure.actuate.metrics.MetricsExportContextCustomizerFactory$DisableMetricExportContextCustomizer@5c7831a, org.springframework.boot.test.autoconfigure.properties.PropertyMappingContextCustomizer@0, org.springframework.boot.test.autoconfigure.web.servlet.WebDriverContextCustomizerFactory$Customizer@fe7525e, org.springframework.boot.test.context.filter.ExcludeFilterContextCustomizer@6620f9cc, org.springframework.boot.test.json.DuplicateJsonObjectContextCustomizerFactory$DuplicateJsonObjectContextCustomizer@13e62fe1, org.springframework.boot.test.mock.mockito.MockitoContextCustomizer@0, org.springframework.boot.test.web.client.TestRestTemplateContextCustomizer@56c36119, org.springframework.boot.test.context.SpringBootTestArgs@1, org.springframework.boot.test.context.SpringBootTestWebEnvironment@410cd2a2], resourceBasePath = 'src/main/webapp', contextLoader = 'org.springframework.boot.test.context.SpringBootContextLoader', parent = [null]], attributes = map['org.springframework.test.context.web.ServletTestExecutionListener.activateListener' -> false, 'org.springframework.test.context.event.ApplicationEventsTestExecutionListener.recordApplicationEvents' -> false]]].
13:22:50.904 [Test worker] DEBUG org.springframework.test.context.support.TestPropertySourceUtils - Adding inlined properties to environment: {spring.jmx.enabled=false, org.springframework.boot.test.context.SpringBootTestContextBootstrapper=true, server.port=0}

  .   ____          _            __ _ _
 /\\ / ___'_ __ _ _(_)_ __  __ _ \ \ \ \
( ( )\___ | '_ | '_| | '_ \/ _` | \ \ \ \
 \\/  ___)| |_)| | | | | || (_| |  ) ) ) )
  '  |____| .__|_| |_|_| |_\__, | / / / /
 =========|_|==============|___/=/_/_/_/
 :: Spring Boot ::                (v2.5.0)

2021-06-27 13:22:51.327  INFO 44233 --- [    Test worker] sample.ApplicationTest                   : Starting ApplicationTest using Java 11.0.11 on ubuntu with PID 44233 (started by fdp in /home/fdp/Desktop/jenkins-ingsw)
2021-06-27 13:22:51.330  INFO 44233 --- [    Test worker] sample.ApplicationTest                   : No active profile set, falling back to default profiles: default
2021-06-27 13:22:51.867  WARN 44233 --- [kground-preinit] o.s.h.c.j.Jackson2ObjectMapperBuilder    : For Jackson Kotlin classes support please add "com.fasterxml.jackson.module:jackson-module-kotlin" to the classpath
2021-06-27 13:22:53.525  INFO 44233 --- [    Test worker] o.s.b.w.embedded.tomcat.TomcatWebServer  : Tomcat initialized with port(s): 0 (http)
2021-06-27 13:22:53.540  INFO 44233 --- [    Test worker] o.apache.catalina.core.StandardService   : Starting service [Tomcat]
2021-06-27 13:22:53.541  INFO 44233 --- [    Test worker] org.apache.catalina.core.StandardEngine  : Starting Servlet engine: [Apache Tomcat/9.0.46]
2021-06-27 13:22:53.686  INFO 44233 --- [    Test worker] o.a.c.c.C.[Tomcat].[localhost].[/]       : Initializing Spring embedded WebApplicationContext
2021-06-27 13:22:53.688  INFO 44233 --- [    Test worker] w.s.c.ServletWebServerApplicationContext : Root WebApplicationContext: initialization completed in 1968 ms
2021-06-27 13:22:54.694  INFO 44233 --- [    Test worker] o.s.b.a.w.s.WelcomePageHandlerMapping    : Adding welcome page template: index
2021-06-27 13:22:55.244  INFO 44233 --- [    Test worker] com.zaxxer.hikari.HikariDataSource       : HikariPool-1 - Starting...
2021-06-27 13:22:55.460  INFO 44233 --- [    Test worker] com.zaxxer.hikari.HikariDataSource       : HikariPool-1 - Start completed.
2021-06-27 13:22:56.046  INFO 44233 --- [    Test worker] o.s.s.web.DefaultSecurityFilterChain     : Will secure any request with [org.springframework.security.web.context.request.async.WebAsyncManagerIntegrationFilter@30721392, org.springframework.security.web.context.SecurityContextPersistenceFilter@612cb1f, org.springframework.security.web.header.HeaderWriterFilter@68a6e94f, org.springframework.security.web.csrf.CsrfFilter@7b81238f, org.springframework.security.web.authentication.logout.LogoutFilter@495f50bb, org.springframework.security.web.authentication.UsernamePasswordAuthenticationFilter@65535d11, org.springframework.security.web.savedrequest.RequestCacheAwareFilter@7cda40ef, org.springframework.security.web.servletapi.SecurityContextHolderAwareRequestFilter@311a0a65, org.springframework.security.web.authentication.rememberme.RememberMeAuthenticationFilter@f8eaff9, org.springframework.security.web.authentication.AnonymousAuthenticationFilter@3bd05a18, org.springframework.security.web.session.SessionManagementFilter@3ddc3302, org.springframework.security.web.access.ExceptionTranslationFilter@24091d5d, org.springframework.security.web.access.intercept.FilterSecurityInterceptor@25d5910c]
2021-06-27 13:22:56.203  INFO 44233 --- [    Test worker] o.s.b.w.embedded.tomcat.TomcatWebServer  : Tomcat started on port(s): 40493 (http) with context path ''
2021-06-27 13:22:56.224  INFO 44233 --- [    Test worker] sample.ApplicationTest                   : Started ApplicationTest in 5.316 seconds (JVM running for 6.932)
2021-06-27 13:22:56.227  INFO 44233 --- [    Test worker] o.s.b.a.ApplicationAvailabilityBean      : Application availability state LivenessState changed to CORRECT
2021-06-27 13:22:56.232  INFO 44233 --- [    Test worker] o.s.b.a.ApplicationAvailabilityBean      : Application availability state ReadinessState changed to ACCEPTING_TRAFFIC
2021-06-27 13:22:56.731  INFO 44233 --- [o-auto-1-exec-1] o.a.c.c.C.[Tomcat].[localhost].[/]       : Initializing Spring DispatcherServlet 'dispatcherServlet'
2021-06-27 13:22:56.732  INFO 44233 --- [o-auto-1-exec-1] o.s.web.servlet.DispatcherServlet        : Initializing Servlet 'dispatcherServlet'
2021-06-27 13:22:56.734  INFO 44233 --- [o-auto-1-exec-1] o.s.web.servlet.DispatcherServlet        : Completed initialization in 1 ms
2021-06-27 13:22:56.889 DEBUG 44233 --- [o-auto-1-exec-1] org.seasar.doma.jdbc.LogKind.SQL.SELECT  : [DOMA2076] SQL LOG : PATH=[null],
select t0_.CATID, t0_.name, t0_.DESCN from Category t0_ where t0_.CATID = 'FISH'
2021-06-27 13:22:56.914 DEBUG 44233 --- [o-auto-1-exec-1] org.seasar.doma.jdbc.LogKind.SQL.SELECT  : [DOMA2076] SQL LOG : PATH=[null],
select t0_.productId, t0_.CATEGORY, t0_.name, t0_.DESCN from Product t0_ where t0_.CATEGORY = 'FISH'
]]></system-out>
  <system-err><![CDATA[]]></system-err>
</testsuite>
