<?xml version="1.0" encoding="UTF-8"?>
<testsuite name="sample.ApplicationTest" tests="1" skipped="0" failures="0" errors="0" timestamp="2021-07-02T02:08:50" hostname="MBP-de-Clara.fibertel.com.ar" time="1.267">
  <properties/>
  <testcase name="fish()" classname="sample.ApplicationTest" time="1.267"/>
  <system-out><![CDATA[23:08:45.275 [Test worker] DEBUG org.springframework.test.context.BootstrapUtils - Instantiating CacheAwareContextLoaderDelegate from class [org.springframework.test.context.cache.DefaultCacheAwareContextLoaderDelegate]
23:08:45.298 [Test worker] DEBUG org.springframework.test.context.BootstrapUtils - Instantiating BootstrapContext using constructor [public org.springframework.test.context.support.DefaultBootstrapContext(java.lang.Class,org.springframework.test.context.CacheAwareContextLoaderDelegate)]
23:08:45.353 [Test worker] DEBUG org.springframework.test.context.BootstrapUtils - Instantiating TestContextBootstrapper for test class [sample.ApplicationTest] from class [org.springframework.boot.test.context.SpringBootTestContextBootstrapper]
23:08:45.381 [Test worker] INFO org.springframework.boot.test.context.SpringBootTestContextBootstrapper - Neither @ContextConfiguration nor @ContextHierarchy found for test class [sample.ApplicationTest], using SpringBootContextLoader
23:08:45.389 [Test worker] DEBUG org.springframework.test.context.support.AbstractContextLoader - Did not detect default resource location for test class [sample.ApplicationTest]: class path resource [sample/ApplicationTest-context.xml] does not exist
23:08:45.390 [Test worker] DEBUG org.springframework.test.context.support.AbstractContextLoader - Did not detect default resource location for test class [sample.ApplicationTest]: class path resource [sample/ApplicationTestContext.groovy] does not exist
23:08:45.390 [Test worker] INFO org.springframework.test.context.support.AbstractContextLoader - Could not detect default resource locations for test class [sample.ApplicationTest]: no resource found for suffixes {-context.xml, Context.groovy}.
23:08:45.391 [Test worker] INFO org.springframework.test.context.support.AnnotationConfigContextLoaderUtils - Could not detect default configuration classes for test class [sample.ApplicationTest]: ApplicationTest does not declare any static, non-private, non-final, nested classes annotated with @Configuration.
23:08:45.458 [Test worker] DEBUG org.springframework.test.context.support.ActiveProfilesUtils - Could not find an 'annotation declaring class' for annotation type [org.springframework.test.context.ActiveProfiles] and class [sample.ApplicationTest]
23:08:45.564 [Test worker] DEBUG org.springframework.context.annotation.ClassPathScanningCandidateComponentProvider - Identified candidate component class: file [/Users/clarasenatore/Documents/Clari/Facultad/Ing Software/JenkinsProject/jenkins-ingsw/build/classes/java/main/sample/Application.class]
23:08:45.569 [Test worker] INFO org.springframework.boot.test.context.SpringBootTestContextBootstrapper - Found @SpringBootConfiguration sample.Application for test class sample.ApplicationTest
23:08:45.719 [Test worker] DEBUG org.springframework.boot.test.context.SpringBootTestContextBootstrapper - @TestExecutionListeners is not present for class [sample.ApplicationTest]: using defaults.
23:08:45.720 [Test worker] INFO org.springframework.boot.test.context.SpringBootTestContextBootstrapper - Loaded default TestExecutionListener class names from location [META-INF/spring.factories]: [org.springframework.boot.test.autoconfigure.restdocs.RestDocsTestExecutionListener, org.springframework.boot.test.autoconfigure.web.client.MockRestServiceServerResetTestExecutionListener, org.springframework.boot.test.autoconfigure.web.servlet.MockMvcPrintOnlyOnFailureTestExecutionListener, org.springframework.boot.test.autoconfigure.web.servlet.WebDriverTestExecutionListener, org.springframework.boot.test.mock.mockito.MockitoTestExecutionListener, org.springframework.boot.test.mock.mockito.ResetMocksTestExecutionListener, org.springframework.test.context.web.ServletTestExecutionListener, org.springframework.test.context.support.DirtiesContextBeforeModesTestExecutionListener, org.springframework.test.context.support.DependencyInjectionTestExecutionListener, org.springframework.test.context.support.DirtiesContextTestExecutionListener, org.springframework.test.context.transaction.TransactionalTestExecutionListener, org.springframework.test.context.jdbc.SqlScriptsTestExecutionListener, org.springframework.test.context.event.EventPublishingTestExecutionListener]
23:08:45.749 [Test worker] INFO org.springframework.boot.test.context.SpringBootTestContextBootstrapper - Using TestExecutionListeners: [org.springframework.test.context.web.ServletTestExecutionListener@79a86bf8, org.springframework.test.context.support.DirtiesContextBeforeModesTestExecutionListener@5768a616, org.springframework.boot.test.mock.mockito.MockitoTestExecutionListener@6e0db94f, org.springframework.boot.test.autoconfigure.SpringBootDependencyInjectionTestExecutionListener@1abc82a0, org.springframework.test.context.support.DirtiesContextTestExecutionListener@2071cda4, org.springframework.test.context.transaction.TransactionalTestExecutionListener@32bb97aa, org.springframework.test.context.jdbc.SqlScriptsTestExecutionListener@317f9773, org.springframework.test.context.event.EventPublishingTestExecutionListener@4fa8ba7e, org.springframework.boot.test.autoconfigure.restdocs.RestDocsTestExecutionListener@619a42c2, org.springframework.boot.test.autoconfigure.web.client.MockRestServiceServerResetTestExecutionListener@f728f9c, org.springframework.boot.test.autoconfigure.web.servlet.MockMvcPrintOnlyOnFailureTestExecutionListener@427b550e, org.springframework.boot.test.autoconfigure.web.servlet.WebDriverTestExecutionListener@480a6c75, org.springframework.boot.test.mock.mockito.ResetMocksTestExecutionListener@7b35bbe4]
23:08:45.754 [Test worker] DEBUG org.springframework.test.context.support.AbstractDirtiesContextTestExecutionListener - Before test class: context [DefaultTestContext@343848ef testClass = ApplicationTest, testInstance = [null], testMethod = [null], testException = [null], mergedContextConfiguration = [WebMergedContextConfiguration@7af6cb01 testClass = ApplicationTest, locations = '{}', classes = '{class sample.Application}', contextInitializerClasses = '[]', activeProfiles = '{}', propertySourceLocations = '{}', propertySourceProperties = '{org.springframework.boot.test.context.SpringBootTestContextBootstrapper=true, server.port=0}', contextCustomizers = set[org.springframework.boot.test.autoconfigure.properties.PropertyMappingContextCustomizer@0, org.springframework.boot.test.autoconfigure.web.servlet.WebDriverContextCustomizerFactory$Customizer@6d72bb99, org.springframework.boot.test.context.filter.ExcludeFilterContextCustomizer@41565e82, org.springframework.boot.test.json.DuplicateJsonObjectContextCustomizerFactory$DuplicateJsonObjectContextCustomizer@707b9b3d, org.springframework.boot.test.mock.mockito.MockitoContextCustomizer@0, org.springframework.boot.test.web.client.TestRestTemplateContextCustomizer@6df63714, org.springframework.boot.test.context.SpringBootTestArgs@1], resourceBasePath = 'src/main/webapp', contextLoader = 'org.springframework.boot.test.context.SpringBootContextLoader', parent = [null]], attributes = map['org.springframework.test.context.web.ServletTestExecutionListener.activateListener' -> false]], class annotated with @DirtiesContext [false] with mode [null].
23:08:45.765 [Test worker] DEBUG org.springframework.test.context.support.DependencyInjectionTestExecutionListener - Performing dependency injection for test context [[DefaultTestContext@343848ef testClass = ApplicationTest, testInstance = sample.ApplicationTest@43660628, testMethod = [null], testException = [null], mergedContextConfiguration = [WebMergedContextConfiguration@7af6cb01 testClass = ApplicationTest, locations = '{}', classes = '{class sample.Application}', contextInitializerClasses = '[]', activeProfiles = '{}', propertySourceLocations = '{}', propertySourceProperties = '{org.springframework.boot.test.context.SpringBootTestContextBootstrapper=true, server.port=0}', contextCustomizers = set[org.springframework.boot.test.autoconfigure.properties.PropertyMappingContextCustomizer@0, org.springframework.boot.test.autoconfigure.web.servlet.WebDriverContextCustomizerFactory$Customizer@6d72bb99, org.springframework.boot.test.context.filter.ExcludeFilterContextCustomizer@41565e82, org.springframework.boot.test.json.DuplicateJsonObjectContextCustomizerFactory$DuplicateJsonObjectContextCustomizer@707b9b3d, org.springframework.boot.test.mock.mockito.MockitoContextCustomizer@0, org.springframework.boot.test.web.client.TestRestTemplateContextCustomizer@6df63714, org.springframework.boot.test.context.SpringBootTestArgs@1], resourceBasePath = 'src/main/webapp', contextLoader = 'org.springframework.boot.test.context.SpringBootContextLoader', parent = [null]], attributes = map['org.springframework.test.context.web.ServletTestExecutionListener.activateListener' -> false]]].
23:08:45.800 [Test worker] DEBUG org.springframework.test.context.support.TestPropertySourceUtils - Adding inlined properties to environment: {spring.jmx.enabled=false, org.springframework.boot.test.context.SpringBootTestContextBootstrapper=true, server.port=0}

  .   ____          _            __ _ _
 /\\ / ___'_ __ _ _(_)_ __  __ _ \ \ \ \
( ( )\___ | '_ | '_| | '_ \/ _` | \ \ \ \
 \\/  ___)| |_)| | | | | || (_| |  ) ) ) )
  '  |____| .__|_| |_|_| |_\__, | / / / /
 =========|_|==============|___/=/_/_/_/
 :: Spring Boot ::            (v2.3.0.RC1)

2021-07-01 23:08:46.261  INFO 33018 --- [    Test worker] sample.ApplicationTest                   : Starting ApplicationTest on MBP-de-Clara.fibertel.com.ar with PID 33018 (started by clarasenatore in /Users/clarasenatore/Documents/Clari/Facultad/Ing Software/JenkinsProject/jenkins-ingsw)
2021-07-01 23:08:46.273  INFO 33018 --- [    Test worker] sample.ApplicationTest                   : No active profile set, falling back to default profiles: default
2021-07-01 23:08:48.280  INFO 33018 --- [    Test worker] o.s.b.w.embedded.tomcat.TomcatWebServer  : Tomcat initialized with port(s): 0 (http)
2021-07-01 23:08:48.300  INFO 33018 --- [    Test worker] o.apache.catalina.core.StandardService   : Starting service [Tomcat]
2021-07-01 23:08:48.301  INFO 33018 --- [    Test worker] org.apache.catalina.core.StandardEngine  : Starting Servlet engine: [Apache Tomcat/9.0.34]
2021-07-01 23:08:48.450  INFO 33018 --- [    Test worker] o.a.c.c.C.[Tomcat].[localhost].[/]       : Initializing Spring embedded WebApplicationContext
2021-07-01 23:08:48.451  INFO 33018 --- [    Test worker] o.s.web.context.ContextLoader            : Root WebApplicationContext: initialization completed in 2138 ms
2021-07-01 23:08:48.701  INFO 33018 --- [    Test worker] com.zaxxer.hikari.HikariDataSource       : HikariPool-1 - Starting...
2021-07-01 23:08:49.100  INFO 33018 --- [    Test worker] com.zaxxer.hikari.HikariDataSource       : HikariPool-1 - Start completed.
2021-07-01 23:08:49.799  INFO 33018 --- [    Test worker] o.s.s.concurrent.ThreadPoolTaskExecutor  : Initializing ExecutorService 'applicationTaskExecutor'
2021-07-01 23:08:49.938  INFO 33018 --- [    Test worker] o.s.b.a.w.s.WelcomePageHandlerMapping    : Adding welcome page template: index
2021-07-01 23:08:50.504  INFO 33018 --- [    Test worker] o.s.s.web.DefaultSecurityFilterChain     : Creating filter chain: any request, [org.springframework.security.web.context.request.async.WebAsyncManagerIntegrationFilter@548e7b46, org.springframework.security.web.context.SecurityContextPersistenceFilter@428616e8, org.springframework.security.web.header.HeaderWriterFilter@634ac05f, org.springframework.security.web.csrf.CsrfFilter@55003468, org.springframework.security.web.authentication.logout.LogoutFilter@32911fd6, org.springframework.security.web.authentication.UsernamePasswordAuthenticationFilter@577d27d3, org.springframework.security.web.savedrequest.RequestCacheAwareFilter@56b24c9, org.springframework.security.web.servletapi.SecurityContextHolderAwareRequestFilter@7567214a, org.springframework.security.web.authentication.rememberme.RememberMeAuthenticationFilter@6d353afd, org.springframework.security.web.authentication.AnonymousAuthenticationFilter@23599785, org.springframework.security.web.session.SessionManagementFilter@71568906, org.springframework.security.web.access.ExceptionTranslationFilter@4731bc5c, org.springframework.security.web.access.intercept.FilterSecurityInterceptor@52e13bd4]
2021-07-01 23:08:50.616  INFO 33018 --- [    Test worker] o.s.b.w.embedded.tomcat.TomcatWebServer  : Tomcat started on port(s): 60253 (http) with context path ''
2021-07-01 23:08:50.620  INFO 33018 --- [    Test worker] sample.ApplicationTest                   : Started ApplicationTest in 4.816 seconds (JVM running for 7.061)
2021-07-01 23:08:51.200  INFO 33018 --- [o-auto-1-exec-1] o.a.c.c.C.[Tomcat].[localhost].[/]       : Initializing Spring DispatcherServlet 'dispatcherServlet'
2021-07-01 23:08:51.200  INFO 33018 --- [o-auto-1-exec-1] o.s.web.servlet.DispatcherServlet        : Initializing Servlet 'dispatcherServlet'
2021-07-01 23:08:51.218  INFO 33018 --- [o-auto-1-exec-1] o.s.web.servlet.DispatcherServlet        : Completed initialization in 17 ms
2021-07-01 23:08:51.378  INFO 33018 --- [o-auto-1-exec-1] o.s.doma.jdbc.UtilLoggingJdbcLogger      : [DOMA2076] SQL LOG : PATH=[null],
select t0_.CATID, t0_.name, t0_.DESCN from Category t0_ where t0_.CATID = 'FISH'
2021-07-01 23:08:51.411  INFO 33018 --- [o-auto-1-exec-1] o.s.doma.jdbc.UtilLoggingJdbcLogger      : [DOMA2076] SQL LOG : PATH=[null],
select t0_.productId, t0_.CATEGORY, t0_.name, t0_.DESCN from Product t0_ where t0_.CATEGORY = 'FISH'
]]></system-out>
  <system-err><![CDATA[]]></system-err>
</testsuite>
