<?xml version="1.0" encoding="UTF-8"?>
<testsuite name="sample.ApplicationTest" tests="1" skipped="0" failures="0" errors="0" timestamp="2021-07-01T23:44:05" hostname="MBP-de-Clara.fibertel.com.ar" time="1.274">
  <properties/>
  <testcase name="fish()" classname="sample.ApplicationTest" time="1.274"/>
  <system-out><![CDATA[20:44:01.507 [Test worker] DEBUG org.springframework.test.context.BootstrapUtils - Instantiating CacheAwareContextLoaderDelegate from class [org.springframework.test.context.cache.DefaultCacheAwareContextLoaderDelegate]
20:44:01.529 [Test worker] DEBUG org.springframework.test.context.BootstrapUtils - Instantiating BootstrapContext using constructor [public org.springframework.test.context.support.DefaultBootstrapContext(java.lang.Class,org.springframework.test.context.CacheAwareContextLoaderDelegate)]
20:44:01.570 [Test worker] DEBUG org.springframework.test.context.BootstrapUtils - Instantiating TestContextBootstrapper for test class [sample.ApplicationTest] from class [org.springframework.boot.test.context.SpringBootTestContextBootstrapper]
20:44:01.582 [Test worker] INFO org.springframework.boot.test.context.SpringBootTestContextBootstrapper - Neither @ContextConfiguration nor @ContextHierarchy found for test class [sample.ApplicationTest], using SpringBootContextLoader
20:44:01.587 [Test worker] DEBUG org.springframework.test.context.support.AbstractContextLoader - Did not detect default resource location for test class [sample.ApplicationTest]: class path resource [sample/ApplicationTest-context.xml] does not exist
20:44:01.587 [Test worker] DEBUG org.springframework.test.context.support.AbstractContextLoader - Did not detect default resource location for test class [sample.ApplicationTest]: class path resource [sample/ApplicationTestContext.groovy] does not exist
20:44:01.588 [Test worker] INFO org.springframework.test.context.support.AbstractContextLoader - Could not detect default resource locations for test class [sample.ApplicationTest]: no resource found for suffixes {-context.xml, Context.groovy}.
20:44:01.588 [Test worker] INFO org.springframework.test.context.support.AnnotationConfigContextLoaderUtils - Could not detect default configuration classes for test class [sample.ApplicationTest]: ApplicationTest does not declare any static, non-private, non-final, nested classes annotated with @Configuration.
20:44:01.630 [Test worker] DEBUG org.springframework.test.context.support.ActiveProfilesUtils - Could not find an 'annotation declaring class' for annotation type [org.springframework.test.context.ActiveProfiles] and class [sample.ApplicationTest]
20:44:01.694 [Test worker] DEBUG org.springframework.context.annotation.ClassPathScanningCandidateComponentProvider - Identified candidate component class: file [/Users/clarasenatore/Documents/Clari/Facultad/Ing Software/JenkinsProject/jenkins-ingsw/build/classes/java/main/sample/Application.class]
20:44:01.698 [Test worker] INFO org.springframework.boot.test.context.SpringBootTestContextBootstrapper - Found @SpringBootConfiguration sample.Application for test class sample.ApplicationTest
20:44:01.799 [Test worker] DEBUG org.springframework.boot.test.context.SpringBootTestContextBootstrapper - @TestExecutionListeners is not present for class [sample.ApplicationTest]: using defaults.
20:44:01.800 [Test worker] INFO org.springframework.boot.test.context.SpringBootTestContextBootstrapper - Loaded default TestExecutionListener class names from location [META-INF/spring.factories]: [org.springframework.boot.test.autoconfigure.restdocs.RestDocsTestExecutionListener, org.springframework.boot.test.autoconfigure.web.client.MockRestServiceServerResetTestExecutionListener, org.springframework.boot.test.autoconfigure.web.servlet.MockMvcPrintOnlyOnFailureTestExecutionListener, org.springframework.boot.test.autoconfigure.web.servlet.WebDriverTestExecutionListener, org.springframework.boot.test.autoconfigure.webservices.client.MockWebServiceServerTestExecutionListener, org.springframework.boot.test.mock.mockito.MockitoTestExecutionListener, org.springframework.boot.test.mock.mockito.ResetMocksTestExecutionListener, org.springframework.test.context.web.ServletTestExecutionListener, org.springframework.test.context.support.DirtiesContextBeforeModesTestExecutionListener, org.springframework.test.context.event.ApplicationEventsTestExecutionListener, org.springframework.test.context.support.DependencyInjectionTestExecutionListener, org.springframework.test.context.support.DirtiesContextTestExecutionListener, org.springframework.test.context.transaction.TransactionalTestExecutionListener, org.springframework.test.context.jdbc.SqlScriptsTestExecutionListener, org.springframework.test.context.event.EventPublishingTestExecutionListener]
20:44:01.816 [Test worker] INFO org.springframework.boot.test.context.SpringBootTestContextBootstrapper - Using TestExecutionListeners: [org.springframework.test.context.web.ServletTestExecutionListener@6f4a28e1, org.springframework.test.context.support.DirtiesContextBeforeModesTestExecutionListener@321b7c51, org.springframework.test.context.event.ApplicationEventsTestExecutionListener@18592915, org.springframework.boot.test.mock.mockito.MockitoTestExecutionListener@55f4e528, org.springframework.boot.test.autoconfigure.SpringBootDependencyInjectionTestExecutionListener@6bc7c257, org.springframework.test.context.support.DirtiesContextTestExecutionListener@2d7c28a, org.springframework.test.context.transaction.TransactionalTestExecutionListener@53174244, org.springframework.test.context.jdbc.SqlScriptsTestExecutionListener@213830ab, org.springframework.test.context.event.EventPublishingTestExecutionListener@74b88ba1, org.springframework.boot.test.autoconfigure.restdocs.RestDocsTestExecutionListener@4847c42e, org.springframework.boot.test.autoconfigure.web.client.MockRestServiceServerResetTestExecutionListener@21abba00, org.springframework.boot.test.autoconfigure.web.servlet.MockMvcPrintOnlyOnFailureTestExecutionListener@41766bf6, org.springframework.boot.test.autoconfigure.web.servlet.WebDriverTestExecutionListener@71a305fa, org.springframework.boot.test.autoconfigure.webservices.client.MockWebServiceServerTestExecutionListener@733d954, org.springframework.boot.test.mock.mockito.ResetMocksTestExecutionListener@7b340808]
20:44:01.819 [Test worker] DEBUG org.springframework.test.context.support.AbstractDirtiesContextTestExecutionListener - Before test class: context [DefaultTestContext@68d0927d testClass = ApplicationTest, testInstance = [null], testMethod = [null], testException = [null], mergedContextConfiguration = [WebMergedContextConfiguration@2f179e5c testClass = ApplicationTest, locations = '{}', classes = '{class sample.Application}', contextInitializerClasses = '[]', activeProfiles = '{}', propertySourceLocations = '{}', propertySourceProperties = '{org.springframework.boot.test.context.SpringBootTestContextBootstrapper=true, server.port=0}', contextCustomizers = set[org.springframework.boot.test.autoconfigure.actuate.metrics.MetricsExportContextCustomizerFactory$DisableMetricExportContextCustomizer@44d2605c, org.springframework.boot.test.autoconfigure.properties.PropertyMappingContextCustomizer@0, org.springframework.boot.test.autoconfigure.web.servlet.WebDriverContextCustomizerFactory$Customizer@625f9329, org.springframework.boot.test.context.filter.ExcludeFilterContextCustomizer@16e15eba, org.springframework.boot.test.json.DuplicateJsonObjectContextCustomizerFactory$DuplicateJsonObjectContextCustomizer@5a8a4f31, org.springframework.boot.test.mock.mockito.MockitoContextCustomizer@0, org.springframework.boot.test.web.client.TestRestTemplateContextCustomizer@2620ea5b, org.springframework.boot.test.context.SpringBootTestArgs@1, org.springframework.boot.test.context.SpringBootTestWebEnvironment@58a799b7], resourceBasePath = 'src/main/webapp', contextLoader = 'org.springframework.boot.test.context.SpringBootContextLoader', parent = [null]], attributes = map['org.springframework.test.context.web.ServletTestExecutionListener.activateListener' -> false]], class annotated with @DirtiesContext [false] with mode [null].
20:44:01.825 [Test worker] DEBUG org.springframework.test.context.support.DependencyInjectionTestExecutionListener - Performing dependency injection for test context [[DefaultTestContext@68d0927d testClass = ApplicationTest, testInstance = sample.ApplicationTest@7817a7a1, testMethod = [null], testException = [null], mergedContextConfiguration = [WebMergedContextConfiguration@2f179e5c testClass = ApplicationTest, locations = '{}', classes = '{class sample.Application}', contextInitializerClasses = '[]', activeProfiles = '{}', propertySourceLocations = '{}', propertySourceProperties = '{org.springframework.boot.test.context.SpringBootTestContextBootstrapper=true, server.port=0}', contextCustomizers = set[org.springframework.boot.test.autoconfigure.actuate.metrics.MetricsExportContextCustomizerFactory$DisableMetricExportContextCustomizer@44d2605c, org.springframework.boot.test.autoconfigure.properties.PropertyMappingContextCustomizer@0, org.springframework.boot.test.autoconfigure.web.servlet.WebDriverContextCustomizerFactory$Customizer@625f9329, org.springframework.boot.test.context.filter.ExcludeFilterContextCustomizer@16e15eba, org.springframework.boot.test.json.DuplicateJsonObjectContextCustomizerFactory$DuplicateJsonObjectContextCustomizer@5a8a4f31, org.springframework.boot.test.mock.mockito.MockitoContextCustomizer@0, org.springframework.boot.test.web.client.TestRestTemplateContextCustomizer@2620ea5b, org.springframework.boot.test.context.SpringBootTestArgs@1, org.springframework.boot.test.context.SpringBootTestWebEnvironment@58a799b7], resourceBasePath = 'src/main/webapp', contextLoader = 'org.springframework.boot.test.context.SpringBootContextLoader', parent = [null]], attributes = map['org.springframework.test.context.web.ServletTestExecutionListener.activateListener' -> false, 'org.springframework.test.context.event.ApplicationEventsTestExecutionListener.recordApplicationEvents' -> false]]].
20:44:01.850 [Test worker] DEBUG org.springframework.test.context.support.TestPropertySourceUtils - Adding inlined properties to environment: {spring.jmx.enabled=false, org.springframework.boot.test.context.SpringBootTestContextBootstrapper=true, server.port=0}

  .   ____          _            __ _ _
 /\\ / ___'_ __ _ _(_)_ __  __ _ \ \ \ \
( ( )\___ | '_ | '_| | '_ \/ _` | \ \ \ \
 \\/  ___)| |_)| | | | | || (_| |  ) ) ) )
  '  |____| .__|_| |_|_| |_\__, | / / / /
 =========|_|==============|___/=/_/_/_/
 :: Spring Boot ::                (v2.5.0)

2021-07-01 20:44:02.174  INFO 31471 --- [    Test worker] sample.ApplicationTest                   : Starting ApplicationTest using Java 16 on MBP-de-Clara.fibertel.com.ar with PID 31471 (started by clarasenatore in /Users/clarasenatore/Documents/Clari/Facultad/Ing Software/JenkinsProject/jenkins-ingsw)
2021-07-01 20:44:02.177  INFO 31471 --- [    Test worker] sample.ApplicationTest                   : No active profile set, falling back to default profiles: default
2021-07-01 20:44:02.646  WARN 31471 --- [kground-preinit] o.s.h.c.j.Jackson2ObjectMapperBuilder    : For Jackson Kotlin classes support please add "com.fasterxml.jackson.module:jackson-module-kotlin" to the classpath
2021-07-01 20:44:03.906  INFO 31471 --- [    Test worker] o.s.b.w.embedded.tomcat.TomcatWebServer  : Tomcat initialized with port(s): 0 (http)
2021-07-01 20:44:03.920  INFO 31471 --- [    Test worker] o.apache.catalina.core.StandardService   : Starting service [Tomcat]
2021-07-01 20:44:03.920  INFO 31471 --- [    Test worker] org.apache.catalina.core.StandardEngine  : Starting Servlet engine: [Apache Tomcat/9.0.46]
2021-07-01 20:44:04.019  INFO 31471 --- [    Test worker] o.a.c.c.C.[Tomcat].[localhost].[/]       : Initializing Spring embedded WebApplicationContext
2021-07-01 20:44:04.019  INFO 31471 --- [    Test worker] w.s.c.ServletWebServerApplicationContext : Root WebApplicationContext: initialization completed in 1456 ms
2021-07-01 20:44:04.697  INFO 31471 --- [    Test worker] o.s.b.a.w.s.WelcomePageHandlerMapping    : Adding welcome page template: index
2021-07-01 20:44:05.075  INFO 31471 --- [    Test worker] com.zaxxer.hikari.HikariDataSource       : HikariPool-1 - Starting...
2021-07-01 20:44:05.272  INFO 31471 --- [    Test worker] com.zaxxer.hikari.HikariDataSource       : HikariPool-1 - Start completed.
2021-07-01 20:44:05.627  INFO 31471 --- [    Test worker] o.s.s.web.DefaultSecurityFilterChain     : Will secure any request with [org.springframework.security.web.context.request.async.WebAsyncManagerIntegrationFilter@44d15dbd, org.springframework.security.web.context.SecurityContextPersistenceFilter@51578553, org.springframework.security.web.header.HeaderWriterFilter@1a63a9b9, org.springframework.security.web.csrf.CsrfFilter@305360e1, org.springframework.security.web.authentication.logout.LogoutFilter@60f1510a, org.springframework.security.web.authentication.UsernamePasswordAuthenticationFilter@501554a3, org.springframework.security.web.savedrequest.RequestCacheAwareFilter@61728921, org.springframework.security.web.servletapi.SecurityContextHolderAwareRequestFilter@59e0e075, org.springframework.security.web.authentication.rememberme.RememberMeAuthenticationFilter@34660090, org.springframework.security.web.authentication.AnonymousAuthenticationFilter@1d2bca51, org.springframework.security.web.session.SessionManagementFilter@5dcbb92d, org.springframework.security.web.access.ExceptionTranslationFilter@7570266f, org.springframework.security.web.access.intercept.FilterSecurityInterceptor@719a7552]
2021-07-01 20:44:05.712  INFO 31471 --- [    Test worker] o.s.b.w.embedded.tomcat.TomcatWebServer  : Tomcat started on port(s): 58666 (http) with context path ''
2021-07-01 20:44:05.723  INFO 31471 --- [    Test worker] sample.ApplicationTest                   : Started ApplicationTest in 3.87 seconds (JVM running for 5.056)
2021-07-01 20:44:05.724  INFO 31471 --- [    Test worker] o.s.b.a.ApplicationAvailabilityBean      : Application availability state LivenessState changed to CORRECT
2021-07-01 20:44:05.725  INFO 31471 --- [    Test worker] o.s.b.a.ApplicationAvailabilityBean      : Application availability state ReadinessState changed to ACCEPTING_TRAFFIC
2021-07-01 20:44:06.085  INFO 31471 --- [o-auto-1-exec-1] o.a.c.c.C.[Tomcat].[localhost].[/]       : Initializing Spring DispatcherServlet 'dispatcherServlet'
2021-07-01 20:44:06.085  INFO 31471 --- [o-auto-1-exec-1] o.s.web.servlet.DispatcherServlet        : Initializing Servlet 'dispatcherServlet'
2021-07-01 20:44:06.087  INFO 31471 --- [o-auto-1-exec-1] o.s.web.servlet.DispatcherServlet        : Completed initialization in 1 ms
2021-07-01 20:44:06.184 DEBUG 31471 --- [o-auto-1-exec-1] org.seasar.doma.jdbc.LogKind.SQL.SELECT  : [DOMA2076] SQL LOG : PATH=[null],
select t0_.CATID, t0_.name, t0_.DESCN from Category t0_ where t0_.CATID = 'FISH'
2021-07-01 20:44:06.202 DEBUG 31471 --- [o-auto-1-exec-1] org.seasar.doma.jdbc.LogKind.SQL.SELECT  : [DOMA2076] SQL LOG : PATH=[null],
select t0_.productId, t0_.CATEGORY, t0_.name, t0_.DESCN from Product t0_ where t0_.CATEGORY = 'FISH'
]]></system-out>
  <system-err><![CDATA[]]></system-err>
</testsuite>
